\BOOKMARK [1][-]{section*.1}{\376\377\000E\000v\000a\000l\000u\000a\000t\000i\000n\000g\000\040\000A\000u\000t\000o\000m\000a\000t\000e\000d\000\040\000R\000e\000d\000i\000s\000t\000r\000i\000c\000t\000i\000n\000g\000\040\000A\000l\000g\000o\000r\000i\000t\000h\000m\000s\000\040\000U\000s\000i\000n\000g\000\040\000M\000e\000a\000s\000u\000r\000e\000s\000\040\000o\000f\000\040\000C\000o\000m\000p\000a\000c\000t\000n\000e\000s\000s\000\040\000\046\000\040\000P\000a\000r\000t\000i\000s\000a\000n\000\040\000F\000a\000i\000r\000n\000e\000s\000s\000:\000\040\000A\000\040\000C\000a\000s\000e\000\040\000S\000t\000u\000d\000y\000\040\000o\000f\000\040\0002\0000\0002\0001\000\040\000C\000o\000n\000g\000r\000e\000s\000s\000i\000o\000n\000a\000l\000\040\000R\000e\000d\000i\000s\000t\000r\000i\000c\000t\000i\000n\000g\000\040\000i\000n\000\040\000V\000i\000r\000g\000i\000n\000i\000a}{}% 1
\BOOKMARK [1][-]{section*.2}{\376\377\000L\000i\000t\000e\000r\000a\000t\000u\000r\000e\000\040\000R\000e\000v\000i\000e\000w}{}% 2
\BOOKMARK [2][-]{section*.3}{\376\377\000A\000u\000t\000o\000m\000a\000t\000e\000d\000\040\000R\000e\000d\000i\000s\000t\000r\000i\000c\000t\000i\000n\000g\000\040\000A\000l\000g\000o\000r\000i\000t\000h\000m\000s}{section*.2}% 3
\BOOKMARK [3][-]{section*.4}{\376\377\000R\000e\000d\000i\000s\000t\000r\000i\000c\000t\000i\000n\000g\000\040\000a\000s\000\040\000G\000r\000a\000p\000h\000\040\000C\000u\000t\000t\000i\000n\000g}{section*.3}% 4
\BOOKMARK [3][-]{section*.6}{\376\377\000S\000e\000q\000u\000e\000n\000t\000i\000a\000l\000\040\000M\000o\000n\000t\000e\000\040\000C\000a\000r\000l\000o}{section*.3}% 5
\BOOKMARK [3][-]{section*.8}{\376\377\000C\000o\000m\000p\000a\000c\000t\000\040\000R\000a\000n\000d\000o\000m\000\040\000S\000e\000e\000d\000\040\000G\000r\000o\000w\000t\000h}{section*.3}% 6
\BOOKMARK [2][-]{section*.9}{\376\377\000C\000o\000m\000p\000a\000c\000t\000n\000e\000s\000s\000\040\000M\000e\000a\000s\000u\000r\000e\000s}{section*.2}% 7
\BOOKMARK [3][-]{section*.10}{\376\377\000P\000o\000l\000s\000b\000y\000-\000P\000o\000p\000p\000e\000r\000\040\000S\000c\000o\000r\000e}{section*.9}% 8
\BOOKMARK [3][-]{section*.11}{\376\377\000E\000d\000g\000e\000-\000C\000u\000t\000\040\000C\000o\000m\000p\000a\000c\000t\000n\000e\000s\000s}{section*.9}% 9
\BOOKMARK [2][-]{section*.12}{\376\377\000P\000a\000r\000t\000i\000s\000a\000n\000\040\000F\000a\000i\000r\000n\000e\000s\000s\000\040\000M\000e\000a\000s\000u\000r\000e\000s}{section*.2}% 10
\BOOKMARK [3][-]{section*.13}{\376\377\000S\000e\000a\000t\000s\000-\000V\000o\000t\000e\000s\000\040\000C\000u\000r\000v\000e}{section*.12}% 11
\BOOKMARK [3][-]{section*.17}{\376\377\000S\000i\000n\000g\000l\000e\000-\000V\000a\000l\000u\000e\000d\000\040\000F\000a\000i\000r\000n\000e\000s\000s\000\040\000M\000e\000a\000s\000u\000r\000e\000s}{section*.12}% 12
\BOOKMARK [3][-]{section*.21}{\376\377\000M\000e\000a\000n\000-\000M\000e\000d\000i\000a\000n\000\040\000D\000i\000f\000f\000e\000r\000e\000n\000c\000e}{section*.12}% 13
\BOOKMARK [1][-]{section*.22}{\376\377\000M\000e\000t\000h\000o\000d}{}% 14
\BOOKMARK [2][-]{section*.24}{\376\377\000C\000h\000o\000i\000c\000e\000\040\000o\000f\000\040\000R\000e\000s\000e\000a\000r\000c\000h\000\040\000M\000e\000t\000h\000o\000d}{section*.22}% 15
\BOOKMARK [2][-]{section*.25}{\376\377\000C\000o\000m\000p\000o\000n\000e\000n\000t\000s\000\040\000o\000f\000\040\000E\000x\000p\000e\000r\000i\000m\000e\000n\000t\000a\000l\000\040\000D\000e\000s\000i\000g\000n}{section*.22}% 16
\BOOKMARK [3][-]{section*.26}{\376\377\000P\000r\000i\000n\000c\000i\000p\000l\000e\000s\000\040\000o\000f\000\040\000E\000x\000p\000e\000r\000i\000m\000e\000n\000t\000a\000l\000\040\000D\000e\000s\000i\000g\000n}{section*.25}% 17
\BOOKMARK [2][-]{section*.27}{\376\377\000D\000a\000t\000a\000\040\000C\000l\000e\000a\000n\000i\000n\000g}{section*.22}% 18
\BOOKMARK [1][-]{section*.28}{\376\377\000R\000e\000s\000u\000l\000t\000s}{}% 19
\BOOKMARK [2][-]{section*.29}{\376\377\000C\000o\000m\000p\000a\000c\000t\000n\000e\000s\000s\000\040\000M\000e\000a\000s\000u\000r\000e\000s}{section*.28}% 20
\BOOKMARK [2][-]{section*.31}{\376\377\000P\000a\000r\000t\000i\000s\000a\000n\000\040\000F\000a\000i\000r\000n\000e\000s\000s}{section*.28}% 21
\BOOKMARK [3][-]{section*.32}{\376\377\000S\000e\000a\000t\000s\000-\000V\000o\000t\000e\000s\000\040\000C\000u\000r\000v\000e\000s}{section*.31}% 22
\BOOKMARK [3][-]{section*.34}{\376\377\000S\000i\000n\000g\000l\000e\000-\000V\000a\000l\000u\000e\000d\000\040\000P\000a\000r\000t\000i\000s\000a\000n\000\040\000F\000a\000i\000r\000n\000e\000s\000s\000\040\000M\000e\000a\000s\000u\000r\000e\000s}{section*.31}% 23
\BOOKMARK [1][-]{section*.36}{\376\377\000D\000i\000s\000c\000u\000s\000s\000i\000o\000n}{}% 24
\BOOKMARK [2][-]{section*.37}{\376\377\000C\000o\000m\000p\000a\000c\000t\000n\000e\000s\000s\000\040\000M\000e\000a\000s\000u\000r\000e\000s}{section*.36}% 25
\BOOKMARK [2][-]{section*.38}{\376\377\000P\000a\000r\000t\000i\000s\000a\000n\000\040\000F\000a\000i\000r\000n\000e\000s\000s\000\040\000M\000e\000a\000s\000u\000r\000e\000s}{section*.36}% 26
\BOOKMARK [3][-]{section*.39}{\376\377\000S\000e\000a\000t\000s\000-\000V\000o\000t\000e\000s\000\040\000C\000u\000r\000v\000e\000s}{section*.38}% 27
\BOOKMARK [3][-]{section*.40}{\376\377\000S\000i\000n\000g\000l\000e\000-\000V\000a\000l\000u\000e\000d\000\040\000P\000a\000r\000t\000i\000s\000a\000n\000\040\000F\000a\000i\000r\000n\000e\000s\000s\000\040\000M\000e\000a\000s\000u\000r\000e\000s}{section*.38}% 28
\BOOKMARK [2][-]{section*.41}{\376\377\000L\000i\000m\000i\000t\000a\000t\000i\000o\000n\000s}{section*.36}% 29
\BOOKMARK [2][-]{section*.42}{\376\377\000C\000o\000n\000c\000l\000u\000s\000i\000o\000n\000s}{section*.36}% 30
\BOOKMARK [1][-]{section*.43}{\376\377\000C\000o\000n\000c\000l\000u\000s\000i\000o\000n}{}% 31
